0 info it worked if it ends with ok
1 verbose cli [ '/Users/admin/.nvm/versions/node/v5.0.0/bin/node',
1 verbose cli   '/Users/admin/.nvm/versions/node/v5.0.0/bin/npm',
1 verbose cli   'start' ]
2 info using npm@3.3.6
3 info using node@v5.0.0
4 verbose run-script [ 'prestart', 'start', 'poststart' ]
5 info lifecycle arcade_games@1.0.0~prestart: arcade_games@1.0.0
6 silly lifecycle arcade_games@1.0.0~prestart: no script for prestart, continuing
7 info lifecycle arcade_games@1.0.0~start: arcade_games@1.0.0
8 verbose lifecycle arcade_games@1.0.0~start: unsafe-perm in lifecycle true
9 verbose lifecycle arcade_games@1.0.0~start: PATH: /Users/admin/.nvm/versions/node/v5.0.0/lib/node_modules/npm/bin/node-gyp-bin:/Users/admin/Google Drive/arcade_games/node_modules/.bin:/Users/admin/.rvm/gems/ruby-2.3.1/bin:/Users/admin/.rvm/gems/ruby-2.3.1@global/bin:/Users/admin/.rvm/rubies/ruby-2.3.1/bin:/Users/admin/.nvm/versions/node/v5.0.0/bin:/usr/local/heroku/bin:/usr/local/bin:/usr/local/sbin:/Users/admin/.rbenv/bin:/opt/local/bin:/opt/local/sbin:/opt/local/bin:/opt/local/sbin:/usr/local/bin:/usr/bin:/bin:/usr/sbin:/sbin:/opt/X11/bin:/Users/admin/.rvm/bin
10 verbose lifecycle arcade_games@1.0.0~start: CWD: /Users/admin/Google Drive/arcade_games
11 silly lifecycle arcade_games@1.0.0~start: Args: [ '-c', 'http-server ./public' ]
12 silly lifecycle arcade_games@1.0.0~start: Returned: code: 1  signal: null
13 info lifecycle arcade_games@1.0.0~start: Failed to exec start script
14 verbose stack Error: arcade_games@1.0.0 start: `http-server ./public`
14 verbose stack Exit status 1
14 verbose stack     at EventEmitter.<anonymous> (/Users/admin/.nvm/versions/node/v5.0.0/lib/node_modules/npm/lib/utils/lifecycle.js:233:16)
14 verbose stack     at emitTwo (events.js:87:13)
14 verbose stack     at EventEmitter.emit (events.js:172:7)
14 verbose stack     at ChildProcess.<anonymous> (/Users/admin/.nvm/versions/node/v5.0.0/lib/node_modules/npm/lib/utils/spawn.js:24:14)
14 verbose stack     at emitTwo (events.js:87:13)
14 verbose stack     at ChildProcess.emit (events.js:172:7)
14 verbose stack     at maybeClose (internal/child_process.js:818:16)
14 verbose stack     at Process.ChildProcess._handle.onexit (internal/child_process.js:211:5)
15 verbose pkgid arcade_games@1.0.0
16 verbose cwd /Users/admin/Google Drive/arcade_games
17 error Darwin 15.5.0
18 error argv "/Users/admin/.nvm/versions/node/v5.0.0/bin/node" "/Users/admin/.nvm/versions/node/v5.0.0/bin/npm" "start"
19 error node v5.0.0
20 error npm  v3.3.6
21 error code ELIFECYCLE
22 error arcade_games@1.0.0 start: `http-server ./public`
22 error Exit status 1
23 error Failed at the arcade_games@1.0.0 start script 'http-server ./public'.
23 error This is most likely a problem with the arcade_games package,
23 error not with npm itself.
23 error Tell the author that this fails on your system:
23 error     http-server ./public
23 error You can get their info via:
23 error     npm owner ls arcade_games
23 error There is likely additional logging output above.
24 verbose exit [ 1, true ]
